<!DOCTYPE html>

<html>
  <head>
  <meta charset='utf-8'>
  <title>TestNG reports</title>

    <link type="text/css" href="testng-reports.css" rel="stylesheet" />
    <script type="text/javascript" src="jquery-1.7.1.min.js"></script>
    <script type="text/javascript" src="testng-reports.js"></script>
    <script type="text/javascript" src="https://www.google.com/jsapi"></script>
    <script type='text/javascript'>
      google.load('visualization', '1', {packages:['table']});
      google.setOnLoadCallback(drawTable);
      var suiteTableInitFunctions = new Array();
      var suiteTableData = new Array();
    </script>
    <!--
      <script type="text/javascript" src="jquery-ui/js/jquery-ui-1.8.16.custom.min.js"></script>
     -->
  </head>

  <body>
    <div class="top-banner-root">
      <span class="top-banner-title-font">Test results</span>
      <br/>
      <span class="top-banner-font-1">1 suite, 3 failed tests</span>
    </div> <!-- top-banner-root -->
    <div class="navigator-root">
      <div class="navigator-suite-header">
        <span>All suites</span>
        <a href="#" class="collapse-all-link" title="Collapse/expand all the suites">
          <img class="collapse-all-icon" src="collapseall.gif">
          </img> <!-- collapse-all-icon -->
        </a> <!-- collapse-all-link -->
      </div> <!-- navigator-suite-header -->
      <div class="suite">
        <div class="rounded-window">
          <div class="suite-header light-rounded-window-top">
            <a href="#" class="navigator-link" panel-name="suite-Testing_JPetStore">
              <span class="suite-name border-failed">Testing JPetStore</span>
            </a> <!-- navigator-link -->
          </div> <!-- suite-header light-rounded-window-top -->
          <div class="navigator-suite-content">
            <div class="suite-section-title">
              <span>Info</span>
            </div> <!-- suite-section-title -->
            <div class="suite-section-content">
              <ul>
                <li>
                  <a href="#" class="navigator-link " panel-name="test-xml-Testing_JPetStore">
                    <span>C:\Users\Miljana\eclipse-workspace\FinalProject\testng.xml</span>
                  </a> <!-- navigator-link  -->
                </li>
                <li>
                  <a href="#" class="navigator-link " panel-name="testlist-Testing_JPetStore">
                    <span class="test-stats">3 tests</span>
                  </a> <!-- navigator-link  -->
                </li>
                <li>
                  <a href="#" class="navigator-link " panel-name="group-Testing_JPetStore">
                    <span>0 groups</span>
                  </a> <!-- navigator-link  -->
                </li>
                <li>
                  <a href="#" class="navigator-link " panel-name="times-Testing_JPetStore">
                    <span>Times</span>
                  </a> <!-- navigator-link  -->
                </li>
                <li>
                  <a href="#" class="navigator-link " panel-name="reporter-Testing_JPetStore">
                    <span>Reporter output</span>
                  </a> <!-- navigator-link  -->
                </li>
                <li>
                  <a href="#" class="navigator-link " panel-name="ignored-methods-Testing_JPetStore">
                    <span>Ignored methods</span>
                  </a> <!-- navigator-link  -->
                </li>
                <li>
                  <a href="#" class="navigator-link " panel-name="chronological-Testing_JPetStore">
                    <span>Chronological view</span>
                  </a> <!-- navigator-link  -->
                </li>
              </ul>
            </div> <!-- suite-section-content -->
            <div class="result-section">
              <div class="suite-section-title">
                <span>Results</span>
              </div> <!-- suite-section-title -->
              <div class="suite-section-content">
                <ul>
                  <li>
                    <span class="method-stats">9 methods, 3 failed,   6 passed</span>
                  </li>
                  <li>
                    <span class="method-list-title failed">Failed methods</span>
                    <span class="show-or-hide-methods failed">
                      <a href="#" panel-name="suite-Testing_JPetStore" class="hide-methods failed suite-Testing_JPetStore"> (hide)</a> <!-- hide-methods failed suite-Testing_JPetStore -->
                      <a href="#" panel-name="suite-Testing_JPetStore" class="show-methods failed suite-Testing_JPetStore"> (show)</a> <!-- show-methods failed suite-Testing_JPetStore -->
                    </span>
                    <div class="method-list-content failed suite-Testing_JPetStore">
                      <span>
                        <img width="3%" src="failed.png"/>
                        <a href="#" class="method navigator-link" panel-name="suite-Testing_JPetStore" title="tests.CartTest" hash-for-method="addToCartTest">addToCartTest</a> <!-- method navigator-link -->
                      </span>
                      <br/>
                      <span>
                        <img width="3%" src="failed.png"/>
                        <a href="#" class="method navigator-link" panel-name="suite-Testing_JPetStore" title="tests.CartTest" hash-for-method="clearCookiesTest">clearCookiesTest</a> <!-- method navigator-link -->
                      </span>
                      <br/>
                      <span>
                        <img width="3%" src="failed.png"/>
                        <a href="#" class="method navigator-link" panel-name="suite-Testing_JPetStore" title="tests.CartTest" hash-for-method="totalCostTest">totalCostTest</a> <!-- method navigator-link -->
                      </span>
                      <br/>
                    </div> <!-- method-list-content failed suite-Testing_JPetStore -->
                  </li>
                  <li>
                    <span class="method-list-title passed">Passed methods</span>
                    <span class="show-or-hide-methods passed">
                      <a href="#" panel-name="suite-Testing_JPetStore" class="hide-methods passed suite-Testing_JPetStore"> (hide)</a> <!-- hide-methods passed suite-Testing_JPetStore -->
                      <a href="#" panel-name="suite-Testing_JPetStore" class="show-methods passed suite-Testing_JPetStore"> (show)</a> <!-- show-methods passed suite-Testing_JPetStore -->
                    </span>
                    <div class="method-list-content passed suite-Testing_JPetStore">
                      <span>
                        <img width="3%" src="passed.png"/>
                        <a href="#" class="method navigator-link" panel-name="suite-Testing_JPetStore" title="tests.SignInTest" hash-for-method="FillInFormTest">FillInFormTest</a> <!-- method navigator-link -->
                      </span>
                      <br/>
                      <span>
                        <img width="3%" src="passed.png"/>
                        <a href="#" class="method navigator-link" panel-name="suite-Testing_JPetStore" title="tests.EnterStoreTest" hash-for-method="enterTest">enterTest</a> <!-- method navigator-link -->
                      </span>
                      <br/>
                      <span>
                        <img width="3%" src="passed.png"/>
                        <a href="#" class="method navigator-link" panel-name="suite-Testing_JPetStore" title="tests.RegistrationTest" hash-for-method="fillInFormTest">fillInFormTest</a> <!-- method navigator-link -->
                      </span>
                      <br/>
                      <span>
                        <img width="3%" src="passed.png"/>
                        <a href="#" class="method navigator-link" panel-name="suite-Testing_JPetStore" title="tests.PetStoreMenuTest" hash-for-method="linkToRightPageTest">linkToRightPageTest</a> <!-- method navigator-link -->
                      </span>
                      <br/>
                      <span>
                        <img width="3%" src="passed.png"/>
                        <a href="#" class="method navigator-link" panel-name="suite-Testing_JPetStore" title="tests.PetStoreMenuTest" hash-for-method="topMenuContentTest">topMenuContentTest</a> <!-- method navigator-link -->
                      </span>
                      <br/>
                      <span>
                        <img width="3%" src="passed.png"/>
                        <a href="#" class="method navigator-link" panel-name="suite-Testing_JPetStore" title="tests.PetStoreMenuTest" hash-for-method="verifyUrlTest">verifyUrlTest</a> <!-- method navigator-link -->
                      </span>
                      <br/>
                    </div> <!-- method-list-content passed suite-Testing_JPetStore -->
                  </li>
                </ul>
              </div> <!-- suite-section-content -->
            </div> <!-- result-section -->
          </div> <!-- navigator-suite-content -->
        </div> <!-- rounded-window -->
      </div> <!-- suite -->
    </div> <!-- navigator-root -->
    <div class="wrapper">
      <div class="main-panel-root">
        <div panel-name="suite-Testing_JPetStore" class="panel Testing_JPetStore">
          <div class="suite-Testing_JPetStore-class-failed">
            <div class="main-panel-header rounded-window-top">
              <img src="failed.png"/>
              <span class="class-name">tests.CartTest</span>
            </div> <!-- main-panel-header rounded-window-top -->
            <div class="main-panel-content rounded-window-bottom">
              <div class="method">
                <div class="method-content">
                  <a name="addToCartTest">
                  </a> <!-- addToCartTest -->
                  <span class="method-name">addToCartTest</span>
                  <div class="stack-trace">org.openqa.selenium.InvalidArgumentException: invalid argument
  (Session info: MicrosoftEdge=80.0.361.69)
Build info: version: &apos;3.141.59&apos;, revision: &apos;e82be7d358&apos;, time: &apos;2018-11-14T08:25:48&apos;
System info: host: &apos;DESKTOP-08P06U8&apos;, ip: &apos;192.168.0.107&apos;, os.name: &apos;Windows 10&apos;, os.arch: &apos;amd64&apos;, os.version: &apos;10.0&apos;, java.version: &apos;1.8.0_241&apos;
Driver info: org.openqa.selenium.edge.EdgeDriver
Capabilities {acceptInsecureCerts: false, browserName: msedge, browserVersion: 80.0.361.69, javascriptEnabled: true, ms:edgeOptions: {debuggerAddress: localhost:57304}, msedge: {msedgedriverVersion: 80.0.361.69 (11b2f9c770113c..., userDataDir: C:\Users\Miljana\AppData\Lo...}, networkConnectionEnabled: false, pageLoadStrategy: normal, platform: WINDOWS, platformName: WINDOWS, proxy: Proxy(), setWindowRect: true, strictFileInteractability: false, timeouts: {implicit: 0, pageLoad: 300000, script: 30000}, unhandledPromptBehavior: dismiss and notify}
Session ID: 1ddaae46ba3b0311fc0d315ee8acc24d
	at org.openqa.selenium.remote.http.W3CHttpResponseCodec.createException(W3CHttpResponseCodec.java:187)
	at org.openqa.selenium.remote.http.W3CHttpResponseCodec.decode(W3CHttpResponseCodec.java:122)
	at org.openqa.selenium.remote.http.W3CHttpResponseCodec.decode(W3CHttpResponseCodec.java:49)
	at org.openqa.selenium.remote.HttpCommandExecutor.execute(HttpCommandExecutor.java:158)
	at org.openqa.selenium.remote.service.DriverCommandExecutor.execute(DriverCommandExecutor.java:83)
	at org.openqa.selenium.remote.RemoteWebDriver.execute(RemoteWebDriver.java:552)
	at org.openqa.selenium.remote.RemoteWebDriver.get(RemoteWebDriver.java:277)
	at org.openqa.selenium.remote.RemoteWebDriver$RemoteNavigation.to(RemoteWebDriver.java:857)
	at pages.StoreItemPage.addAllToCart(StoreItemPage.java:38)
	at tests.CartTest.addToCartTest(CartTest.java:57)
	at java.util.ArrayList.forEach(Unknown Source)
	at java.util.concurrent.FutureTask.run(Unknown Source)
	at java.util.concurrent.ThreadPoolExecutor.runWorker(Unknown Source)
	at java.util.concurrent.ThreadPoolExecutor$Worker.run(Unknown Source)
	at java.lang.Thread.run(Unknown Source)
... Removed 22 stack frames
</div> <!-- stack-trace -->
                </div> <!-- method-content -->
              </div> <!-- method -->
              <div class="method">
                <div class="method-content">
                  <a name="clearCookiesTest">
                  </a> <!-- clearCookiesTest -->
                  <span class="method-name">clearCookiesTest</span>
                  <div class="stack-trace">org.openqa.selenium.InvalidArgumentException: invalid argument
  (Session info: MicrosoftEdge=80.0.361.69)
Build info: version: &apos;3.141.59&apos;, revision: &apos;e82be7d358&apos;, time: &apos;2018-11-14T08:25:48&apos;
System info: host: &apos;DESKTOP-08P06U8&apos;, ip: &apos;192.168.0.107&apos;, os.name: &apos;Windows 10&apos;, os.arch: &apos;amd64&apos;, os.version: &apos;10.0&apos;, java.version: &apos;1.8.0_241&apos;
Driver info: org.openqa.selenium.edge.EdgeDriver
Capabilities {acceptInsecureCerts: false, browserName: msedge, browserVersion: 80.0.361.69, javascriptEnabled: true, ms:edgeOptions: {debuggerAddress: localhost:57304}, msedge: {msedgedriverVersion: 80.0.361.69 (11b2f9c770113c..., userDataDir: C:\Users\Miljana\AppData\Lo...}, networkConnectionEnabled: false, pageLoadStrategy: normal, platform: WINDOWS, platformName: WINDOWS, proxy: Proxy(), setWindowRect: true, strictFileInteractability: false, timeouts: {implicit: 0, pageLoad: 300000, script: 30000}, unhandledPromptBehavior: dismiss and notify}
Session ID: 1ddaae46ba3b0311fc0d315ee8acc24d
	at org.openqa.selenium.remote.http.W3CHttpResponseCodec.createException(W3CHttpResponseCodec.java:187)
	at org.openqa.selenium.remote.http.W3CHttpResponseCodec.decode(W3CHttpResponseCodec.java:122)
	at org.openqa.selenium.remote.http.W3CHttpResponseCodec.decode(W3CHttpResponseCodec.java:49)
	at org.openqa.selenium.remote.HttpCommandExecutor.execute(HttpCommandExecutor.java:158)
	at org.openqa.selenium.remote.service.DriverCommandExecutor.execute(DriverCommandExecutor.java:83)
	at org.openqa.selenium.remote.RemoteWebDriver.execute(RemoteWebDriver.java:552)
	at org.openqa.selenium.remote.RemoteWebDriver.get(RemoteWebDriver.java:277)
	at org.openqa.selenium.remote.RemoteWebDriver$RemoteNavigation.to(RemoteWebDriver.java:857)
	at pages.StoreItemPage.addAllToCart(StoreItemPage.java:38)
	at tests.CartTest.clearCookiesTest(CartTest.java:75)
	at java.util.ArrayList.forEach(Unknown Source)
	at java.util.concurrent.FutureTask.run(Unknown Source)
	at java.util.concurrent.ThreadPoolExecutor.runWorker(Unknown Source)
	at java.util.concurrent.ThreadPoolExecutor$Worker.run(Unknown Source)
	at java.lang.Thread.run(Unknown Source)
... Removed 22 stack frames
</div> <!-- stack-trace -->
                </div> <!-- method-content -->
              </div> <!-- method -->
              <div class="method">
                <div class="method-content">
                  <a name="totalCostTest">
                  </a> <!-- totalCostTest -->
                  <span class="method-name">totalCostTest</span>
                  <div class="stack-trace">org.openqa.selenium.NoSuchElementException: no such element: Unable to locate element: {&quot;method&quot;:&quot;xpath&quot;,&quot;selector&quot;:&quot;//*[@id=&quot;Cart&quot;]/form/table/tbody/tr[last()]/td[1]&quot;}
  (Session info: MicrosoftEdge=80.0.361.69)
For documentation on this error, please visit: https://www.seleniumhq.org/exceptions/no_such_element.html
Build info: version: &apos;3.141.59&apos;, revision: &apos;e82be7d358&apos;, time: &apos;2018-11-14T08:25:48&apos;
System info: host: &apos;DESKTOP-08P06U8&apos;, ip: &apos;192.168.0.107&apos;, os.name: &apos;Windows 10&apos;, os.arch: &apos;amd64&apos;, os.version: &apos;10.0&apos;, java.version: &apos;1.8.0_241&apos;
Driver info: org.openqa.selenium.edge.EdgeDriver
Capabilities {acceptInsecureCerts: false, browserName: msedge, browserVersion: 80.0.361.69, javascriptEnabled: true, ms:edgeOptions: {debuggerAddress: localhost:57304}, msedge: {msedgedriverVersion: 80.0.361.69 (11b2f9c770113c..., userDataDir: C:\Users\Miljana\AppData\Lo...}, networkConnectionEnabled: false, pageLoadStrategy: normal, platform: WINDOWS, platformName: WINDOWS, proxy: Proxy(), setWindowRect: true, strictFileInteractability: false, timeouts: {implicit: 0, pageLoad: 300000, script: 30000}, unhandledPromptBehavior: dismiss and notify}
Session ID: 1ddaae46ba3b0311fc0d315ee8acc24d
*** Element info: {Using=xpath, value=//*[@id=&quot;Cart&quot;]/form/table/tbody/tr[last()]/td[1]}
	at org.openqa.selenium.remote.http.W3CHttpResponseCodec.createException(W3CHttpResponseCodec.java:187)
	at org.openqa.selenium.remote.http.W3CHttpResponseCodec.decode(W3CHttpResponseCodec.java:122)
	at org.openqa.selenium.remote.http.W3CHttpResponseCodec.decode(W3CHttpResponseCodec.java:49)
	at org.openqa.selenium.remote.HttpCommandExecutor.execute(HttpCommandExecutor.java:158)
	at org.openqa.selenium.remote.service.DriverCommandExecutor.execute(DriverCommandExecutor.java:83)
	at org.openqa.selenium.remote.RemoteWebDriver.execute(RemoteWebDriver.java:552)
	at org.openqa.selenium.remote.RemoteWebDriver.findElement(RemoteWebDriver.java:323)
	at org.openqa.selenium.remote.RemoteWebDriver.findElementByXPath(RemoteWebDriver.java:428)
	at org.openqa.selenium.By$ByXPath.findElement(By.java:353)
	at org.openqa.selenium.remote.RemoteWebDriver.findElement(RemoteWebDriver.java:315)
	at pages.CartPage.getSubTotal(CartPage.java:42)
	at pages.CartPage.subTotal(CartPage.java:58)
	at pages.CartPage.isEqual(CartPage.java:66)
	at tests.CartTest.totalCostTest(CartTest.java:66)
	at java.util.ArrayList.forEach(Unknown Source)
	at java.util.concurrent.FutureTask.run(Unknown Source)
	at java.util.concurrent.ThreadPoolExecutor.runWorker(Unknown Source)
	at java.util.concurrent.ThreadPoolExecutor$Worker.run(Unknown Source)
	at java.lang.Thread.run(Unknown Source)
... Removed 22 stack frames
</div> <!-- stack-trace -->
                </div> <!-- method-content -->
              </div> <!-- method -->
            </div> <!-- main-panel-content rounded-window-bottom -->
          </div> <!-- suite-Testing_JPetStore-class-failed -->
          <div class="suite-Testing_JPetStore-class-passed">
            <div class="main-panel-header rounded-window-top">
              <img src="passed.png"/>
              <span class="class-name">tests.PetStoreMenuTest</span>
            </div> <!-- main-panel-header rounded-window-top -->
            <div class="main-panel-content rounded-window-bottom">
              <div class="method">
                <div class="method-content">
                  <a name="linkToRightPageTest">
                  </a> <!-- linkToRightPageTest -->
                  <span class="method-name">linkToRightPageTest</span>
                </div> <!-- method-content -->
              </div> <!-- method -->
              <div class="method">
                <div class="method-content">
                  <a name="topMenuContentTest">
                  </a> <!-- topMenuContentTest -->
                  <span class="method-name">topMenuContentTest</span>
                </div> <!-- method-content -->
              </div> <!-- method -->
              <div class="method">
                <div class="method-content">
                  <a name="verifyUrlTest">
                  </a> <!-- verifyUrlTest -->
                  <span class="method-name">verifyUrlTest</span>
                </div> <!-- method-content -->
              </div> <!-- method -->
            </div> <!-- main-panel-content rounded-window-bottom -->
          </div> <!-- suite-Testing_JPetStore-class-passed -->
          <div class="suite-Testing_JPetStore-class-passed">
            <div class="main-panel-header rounded-window-top">
              <img src="passed.png"/>
              <span class="class-name">tests.SignInTest</span>
            </div> <!-- main-panel-header rounded-window-top -->
            <div class="main-panel-content rounded-window-bottom">
              <div class="method">
                <div class="method-content">
                  <a name="FillInFormTest">
                  </a> <!-- FillInFormTest -->
                  <span class="method-name">FillInFormTest</span>
                </div> <!-- method-content -->
              </div> <!-- method -->
            </div> <!-- main-panel-content rounded-window-bottom -->
          </div> <!-- suite-Testing_JPetStore-class-passed -->
          <div class="suite-Testing_JPetStore-class-passed">
            <div class="main-panel-header rounded-window-top">
              <img src="passed.png"/>
              <span class="class-name">tests.EnterStoreTest</span>
            </div> <!-- main-panel-header rounded-window-top -->
            <div class="main-panel-content rounded-window-bottom">
              <div class="method">
                <div class="method-content">
                  <a name="enterTest">
                  </a> <!-- enterTest -->
                  <span class="method-name">enterTest</span>
                </div> <!-- method-content -->
              </div> <!-- method -->
            </div> <!-- main-panel-content rounded-window-bottom -->
          </div> <!-- suite-Testing_JPetStore-class-passed -->
          <div class="suite-Testing_JPetStore-class-passed">
            <div class="main-panel-header rounded-window-top">
              <img src="passed.png"/>
              <span class="class-name">tests.RegistrationTest</span>
            </div> <!-- main-panel-header rounded-window-top -->
            <div class="main-panel-content rounded-window-bottom">
              <div class="method">
                <div class="method-content">
                  <a name="fillInFormTest">
                  </a> <!-- fillInFormTest -->
                  <span class="method-name">fillInFormTest</span>
                </div> <!-- method-content -->
              </div> <!-- method -->
            </div> <!-- main-panel-content rounded-window-bottom -->
          </div> <!-- suite-Testing_JPetStore-class-passed -->
        </div> <!-- panel Testing_JPetStore -->
        <div panel-name="test-xml-Testing_JPetStore" class="panel">
          <div class="main-panel-header rounded-window-top">
            <span class="header-content">C:\Users\Miljana\eclipse-workspace\FinalProject\testng.xml</span>
          </div> <!-- main-panel-header rounded-window-top -->
          <div class="main-panel-content rounded-window-bottom">
            <pre>
&lt;?xml version=&quot;1.0&quot; encoding=&quot;UTF-8&quot;?&gt;
&lt;!DOCTYPE suite SYSTEM &quot;https://testng.org/testng-1.0.dtd&quot;&gt;
&lt;suite thread-count=&quot;2&quot; guice-stage=&quot;DEVELOPMENT&quot; name=&quot;Testing JPetStore&quot; parallel=&quot;tests&quot;&gt;
  &lt;test thread-count=&quot;2&quot; name=&quot;ChromeTest&quot; parallel=&quot;tests&quot;&gt;
    &lt;parameter name=&quot;browser&quot; value=&quot;Chrome&quot;/&gt;
    &lt;classes&gt;
      &lt;class name=&quot;tests.EnterStoreTest&quot;/&gt;
      &lt;class name=&quot;tests.PetStoreMenuTest&quot;/&gt;
      &lt;class name=&quot;tests.RegistrationTest&quot;/&gt;
      &lt;class name=&quot;tests.SignInTest&quot;/&gt;
      &lt;class name=&quot;tests.CartTest&quot;/&gt;
    &lt;/classes&gt;
  &lt;/test&gt; &lt;!-- ChromeTest --&gt;
  &lt;test thread-count=&quot;2&quot; name=&quot;FirefoxTest&quot; parallel=&quot;tests&quot;&gt;
    &lt;parameter name=&quot;browser&quot; value=&quot;Firefox&quot;/&gt;
    &lt;classes&gt;
      &lt;class name=&quot;tests.EnterStoreTest&quot;/&gt;
      &lt;class name=&quot;tests.PetStoreMenuTest&quot;/&gt;
      &lt;class name=&quot;tests.RegistrationTest&quot;/&gt;
      &lt;class name=&quot;tests.SignInTest&quot;/&gt;
      &lt;class name=&quot;tests.CartTest&quot;/&gt;
    &lt;/classes&gt;
  &lt;/test&gt; &lt;!-- FirefoxTest --&gt;
  &lt;test thread-count=&quot;2&quot; name=&quot;EdgeTest&quot; parallel=&quot;tests&quot;&gt;
    &lt;parameter name=&quot;browser&quot; value=&quot;Edge&quot;/&gt;
    &lt;classes&gt;
      &lt;class name=&quot;tests.EnterStoreTest&quot;/&gt;
      &lt;class name=&quot;tests.PetStoreMenuTest&quot;/&gt;
      &lt;class name=&quot;tests.RegistrationTest&quot;/&gt;
      &lt;class name=&quot;tests.SignInTest&quot;/&gt;
      &lt;class name=&quot;tests.CartTest&quot;/&gt;
    &lt;/classes&gt;
  &lt;/test&gt; &lt;!-- EdgeTest --&gt;
&lt;/suite&gt; &lt;!-- Testing JPetStore --&gt;
            </pre>
          </div> <!-- main-panel-content rounded-window-bottom -->
        </div> <!-- panel -->
        <div panel-name="testlist-Testing_JPetStore" class="panel">
          <div class="main-panel-header rounded-window-top">
            <span class="header-content">Tests for Testing JPetStore</span>
          </div> <!-- main-panel-header rounded-window-top -->
          <div class="main-panel-content rounded-window-bottom">
            <ul>
              <li>
                <span class="test-name">ChromeTest (5 classes)</span>
              </li>
              <li>
                <span class="test-name">FirefoxTest (5 classes)</span>
              </li>
              <li>
                <span class="test-name">EdgeTest (5 classes)</span>
              </li>
            </ul>
          </div> <!-- main-panel-content rounded-window-bottom -->
        </div> <!-- panel -->
        <div panel-name="group-Testing_JPetStore" class="panel">
          <div class="main-panel-header rounded-window-top">
            <span class="header-content">Groups for Testing JPetStore</span>
          </div> <!-- main-panel-header rounded-window-top -->
          <div class="main-panel-content rounded-window-bottom">
          </div> <!-- main-panel-content rounded-window-bottom -->
        </div> <!-- panel -->
        <div panel-name="times-Testing_JPetStore" class="panel">
          <div class="main-panel-header rounded-window-top">
            <span class="header-content">Times for Testing JPetStore</span>
          </div> <!-- main-panel-header rounded-window-top -->
          <div class="main-panel-content rounded-window-bottom">
            <div class="times-div">
              <script type="text/javascript">
suiteTableInitFunctions.push('tableData_Testing_JPetStore');
function tableData_Testing_JPetStore() {
var data = new google.visualization.DataTable();
data.addColumn('number', 'Number');
data.addColumn('string', 'Method');
data.addColumn('string', 'Class');
data.addColumn('number', 'Time (ms)');
data.addRows(9);
data.setCell(0, 0, 0)
data.setCell(0, 1, 'fillInFormTest')
data.setCell(0, 2, 'tests.RegistrationTest')
data.setCell(0, 3, 176656);
data.setCell(1, 0, 1)
data.setCell(1, 1, 'FillInFormTest')
data.setCell(1, 2, 'tests.SignInTest')
data.setCell(1, 3, 53884);
data.setCell(2, 0, 2)
data.setCell(2, 1, 'verifyUrlTest')
data.setCell(2, 2, 'tests.PetStoreMenuTest')
data.setCell(2, 3, 30134);
data.setCell(3, 0, 3)
data.setCell(3, 1, 'totalCostTest')
data.setCell(3, 2, 'tests.CartTest')
data.setCell(3, 3, 20097);
data.setCell(4, 0, 4)
data.setCell(4, 1, 'linkToRightPageTest')
data.setCell(4, 2, 'tests.PetStoreMenuTest')
data.setCell(4, 3, 1815);
data.setCell(5, 0, 5)
data.setCell(5, 1, 'enterTest')
data.setCell(5, 2, 'tests.EnterStoreTest')
data.setCell(5, 3, 1318);
data.setCell(6, 0, 6)
data.setCell(6, 1, 'topMenuContentTest')
data.setCell(6, 2, 'tests.PetStoreMenuTest')
data.setCell(6, 3, 1145);
data.setCell(7, 0, 7)
data.setCell(7, 1, 'addToCartTest')
data.setCell(7, 2, 'tests.CartTest')
data.setCell(7, 3, 11);
data.setCell(8, 0, 8)
data.setCell(8, 1, 'clearCookiesTest')
data.setCell(8, 2, 'tests.CartTest')
data.setCell(8, 3, 9);
window.suiteTableData['Testing_JPetStore']= { tableData: data, tableDiv: 'times-div-Testing_JPetStore'}
return data;
}
              </script>
              <span class="suite-total-time">Total running time: 5 minutes</span>
              <div id="times-div-Testing_JPetStore">
              </div> <!-- times-div-Testing_JPetStore -->
            </div> <!-- times-div -->
          </div> <!-- main-panel-content rounded-window-bottom -->
        </div> <!-- panel -->
        <div panel-name="reporter-Testing_JPetStore" class="panel">
          <div class="main-panel-header rounded-window-top">
            <span class="header-content">Reporter output for Testing JPetStore</span>
          </div> <!-- main-panel-header rounded-window-top -->
          <div class="main-panel-content rounded-window-bottom">
          </div> <!-- main-panel-content rounded-window-bottom -->
        </div> <!-- panel -->
        <div panel-name="ignored-methods-Testing_JPetStore" class="panel">
          <div class="main-panel-header rounded-window-top">
            <span class="header-content">0 ignored methods</span>
          </div> <!-- main-panel-header rounded-window-top -->
          <div class="main-panel-content rounded-window-bottom">
          </div> <!-- main-panel-content rounded-window-bottom -->
        </div> <!-- panel -->
        <div panel-name="chronological-Testing_JPetStore" class="panel">
          <div class="main-panel-header rounded-window-top">
            <span class="header-content">Methods in chronological order</span>
          </div> <!-- main-panel-header rounded-window-top -->
          <div class="main-panel-content rounded-window-bottom">
            <div class="chronological-class">
              <div class="chronological-class-name">tests.SignInTest</div> <!-- chronological-class-name -->
              <div class="configuration-class before">
                <span class="method-name">setup(Firefox)</span>
                <span class="method-start">0 ms</span>
              </div> <!-- configuration-class before -->
              <div class="configuration-class before">
                <span class="method-name">setup(Chrome)</span>
                <span class="method-start">0 ms</span>
              </div> <!-- configuration-class before -->
              <div class="test-method">
                <img src="failed.png">
                </img>
                <span class="method-name">FillInFormTest</span>
                <span class="method-start">12544 ms</span>
              </div> <!-- test-method -->
              <div class="test-method">
                <img src="failed.png">
                </img>
                <span class="method-name">FillInFormTest</span>
                <span class="method-start">13295 ms</span>
              </div> <!-- test-method -->
              <div class="configuration-class after">
                <span class="method-name">afterClass</span>
                <span class="method-start">64320 ms</span>
              </div> <!-- configuration-class after -->
            </div> <!-- chronological-class -->
            <div class="chronological-class">
              <div class="chronological-class-name">tests.EnterStoreTest</div> <!-- chronological-class-name -->
              <div class="configuration-class before">
                <span class="method-name">setup(Firefox)</span>
                <span class="method-start">70475 ms</span>
              </div> <!-- configuration-class before -->
              <div class="test-method">
                <span class="method-name">enterTest</span>
                <span class="method-start">82481 ms</span>
              </div> <!-- test-method -->
              <div class="configuration-class after">
                <span class="method-name">afterClass</span>
                <span class="method-start">83960 ms</span>
              </div> <!-- configuration-class after -->
            </div> <!-- chronological-class -->
            <div class="chronological-class">
              <div class="chronological-class-name">tests.RegistrationTest</div> <!-- chronological-class-name -->
              <div class="configuration-class before">
                <span class="method-name">setup(Firefox)</span>
                <span class="method-start">88761 ms</span>
              </div> <!-- configuration-class before -->
              <div class="test-method">
                <span class="method-name">fillInFormTest</span>
                <span class="method-start">96973 ms</span>
              </div> <!-- test-method -->
            </div> <!-- chronological-class -->
            <div class="chronological-class">
              <div class="chronological-class-name">tests.SignInTest</div> <!-- chronological-class-name -->
              <div class="configuration-class after">
                <span class="method-name">afterClass</span>
                <span class="method-start">98001 ms</span>
              </div> <!-- configuration-class after -->
            </div> <!-- chronological-class -->
            <div class="chronological-class">
              <div class="chronological-class-name">tests.EnterStoreTest</div> <!-- chronological-class-name -->
              <div class="configuration-class before">
                <span class="method-name">setup(Chrome)</span>
                <span class="method-start">98710 ms</span>
              </div> <!-- configuration-class before -->
              <div class="test-method">
                <span class="method-name">enterTest</span>
                <span class="method-start">110977 ms</span>
              </div> <!-- test-method -->
              <div class="configuration-class after">
                <span class="method-name">afterClass</span>
                <span class="method-start">112728 ms</span>
              </div> <!-- configuration-class after -->
            </div> <!-- chronological-class -->
            <div class="chronological-class">
              <div class="chronological-class-name">tests.RegistrationTest</div> <!-- chronological-class-name -->
              <div class="configuration-class before">
                <span class="method-name">setup(Chrome)</span>
                <span class="method-start">113620 ms</span>
              </div> <!-- configuration-class before -->
              <div class="test-method">
                <span class="method-name">fillInFormTest</span>
                <span class="method-start">124677 ms</span>
              </div> <!-- test-method -->
              <div class="configuration-class after">
                <span class="method-name">afterClass</span>
                <span class="method-start">244719 ms</span>
              </div> <!-- configuration-class after -->
            </div> <!-- chronological-class -->
            <div class="chronological-class">
              <div class="chronological-class-name">tests.PetStoreMenuTest</div> <!-- chronological-class-name -->
              <div class="configuration-class before">
                <span class="method-name">setup(Firefox)</span>
                <span class="method-start">247076 ms</span>
              </div> <!-- configuration-class before -->
              <div class="test-method">
                <span class="method-name">linkToRightPageTest</span>
                <span class="method-start">257706 ms</span>
              </div> <!-- test-method -->
              <div class="test-method">
                <span class="method-name">topMenuContentTest</span>
                <span class="method-start">259523 ms</span>
              </div> <!-- test-method -->
              <div class="test-method">
                <span class="method-name">verifyUrlTest</span>
                <span class="method-start">260914 ms</span>
              </div> <!-- test-method -->
              <div class="configuration-class after">
                <span class="method-name">afterClass</span>
                <span class="method-start">291015 ms</span>
              </div> <!-- configuration-class after -->
            </div> <!-- chronological-class -->
            <div class="chronological-class">
              <div class="chronological-class-name">tests.CartTest</div> <!-- chronological-class-name -->
              <div class="configuration-class before">
                <span class="method-name">setup(Firefox)</span>
                <span class="method-start">293197 ms</span>
              </div> <!-- configuration-class before -->
              <div class="test-method">
                <img src="failed.png">
                </img>
                <span class="method-name">addToCartTest</span>
                <span class="method-start">303494 ms</span>
              </div> <!-- test-method -->
              <div class="test-method">
                <img src="failed.png">
                </img>
                <span class="method-name">totalCostTest</span>
                <span class="method-start">303526 ms</span>
              </div> <!-- test-method -->
              <div class="test-method">
                <img src="failed.png">
                </img>
                <span class="method-name">clearCookiesTest</span>
                <span class="method-start">323586 ms</span>
              </div> <!-- test-method -->
              <div class="configuration-class after">
                <span class="method-name">afterClass</span>
                <span class="method-start">323610 ms</span>
              </div> <!-- configuration-class after -->
            </div> <!-- chronological-class -->
            <div class="chronological-class">
              <div class="chronological-class-name">tests.SignInTest</div> <!-- chronological-class-name -->
              <div class="configuration-class before">
                <span class="method-name">setup(Edge)</span>
                <span class="method-start">326263 ms</span>
              </div> <!-- configuration-class before -->
              <div class="test-method">
                <span class="method-name">FillInFormTest</span>
                <span class="method-start">337522 ms</span>
              </div> <!-- test-method -->
              <div class="configuration-class after">
                <span class="method-name">afterClass</span>
                <span class="method-start">391407 ms</span>
              </div> <!-- configuration-class after -->
            </div> <!-- chronological-class -->
            <div class="chronological-class">
              <div class="chronological-class-name">tests.RegistrationTest</div> <!-- chronological-class-name -->
              <div class="configuration-class after">
                <span class="method-name">afterClass</span>
                <span class="method-start">394866 ms</span>
              </div> <!-- configuration-class after -->
            </div> <!-- chronological-class -->
            <div class="chronological-class">
              <div class="chronological-class-name">tests.PetStoreMenuTest</div> <!-- chronological-class-name -->
              <div class="configuration-class before">
                <span class="method-name">setup(Chrome)</span>
                <span class="method-start">395087 ms</span>
              </div> <!-- configuration-class before -->
            </div> <!-- chronological-class -->
            <div class="chronological-class">
              <div class="chronological-class-name">tests.EnterStoreTest</div> <!-- chronological-class-name -->
              <div class="configuration-class before">
                <span class="method-name">setup(Edge)</span>
                <span class="method-start">396577 ms</span>
              </div> <!-- configuration-class before -->
            </div> <!-- chronological-class -->
            <div class="chronological-class">
              <div class="chronological-class-name">tests.PetStoreMenuTest</div> <!-- chronological-class-name -->
              <div class="test-method">
                <span class="method-name">linkToRightPageTest</span>
                <span class="method-start">405003 ms</span>
              </div> <!-- test-method -->
            </div> <!-- chronological-class -->
            <div class="chronological-class">
              <div class="chronological-class-name">tests.EnterStoreTest</div> <!-- chronological-class-name -->
              <div class="test-method">
                <span class="method-name">enterTest</span>
                <span class="method-start">406679 ms</span>
              </div> <!-- test-method -->
              <div class="configuration-class after">
                <span class="method-name">afterClass</span>
                <span class="method-start">407998 ms</span>
              </div> <!-- configuration-class after -->
            </div> <!-- chronological-class -->
            <div class="chronological-class">
              <div class="chronological-class-name">tests.PetStoreMenuTest</div> <!-- chronological-class-name -->
              <div class="test-method">
                <span class="method-name">topMenuContentTest</span>
                <span class="method-start">408573 ms</span>
              </div> <!-- test-method -->
            </div> <!-- chronological-class -->
            <div class="chronological-class">
              <div class="chronological-class-name">tests.RegistrationTest</div> <!-- chronological-class-name -->
              <div class="configuration-class before">
                <span class="method-name">setup(Edge)</span>
                <span class="method-start">409016 ms</span>
              </div> <!-- configuration-class before -->
            </div> <!-- chronological-class -->
            <div class="chronological-class">
              <div class="chronological-class-name">tests.PetStoreMenuTest</div> <!-- chronological-class-name -->
              <div class="test-method">
                <span class="method-name">verifyUrlTest</span>
                <span class="method-start">409937 ms</span>
              </div> <!-- test-method -->
            </div> <!-- chronological-class -->
            <div class="chronological-class">
              <div class="chronological-class-name">tests.RegistrationTest</div> <!-- chronological-class-name -->
              <div class="test-method">
                <span class="method-name">fillInFormTest</span>
                <span class="method-start">419287 ms</span>
              </div> <!-- test-method -->
            </div> <!-- chronological-class -->
            <div class="chronological-class">
              <div class="chronological-class-name">tests.PetStoreMenuTest</div> <!-- chronological-class-name -->
              <div class="configuration-class after">
                <span class="method-name">afterClass</span>
                <span class="method-start">440140 ms</span>
              </div> <!-- configuration-class after -->
            </div> <!-- chronological-class -->
            <div class="chronological-class">
              <div class="chronological-class-name">tests.CartTest</div> <!-- chronological-class-name -->
              <div class="configuration-class before">
                <span class="method-name">setup(Chrome)</span>
                <span class="method-start">440657 ms</span>
              </div> <!-- configuration-class before -->
              <div class="test-method">
                <img src="failed.png">
                </img>
                <span class="method-name">addToCartTest</span>
                <span class="method-start">451016 ms</span>
              </div> <!-- test-method -->
              <div class="test-method">
                <img src="failed.png">
                </img>
                <span class="method-name">totalCostTest</span>
                <span class="method-start">451037 ms</span>
              </div> <!-- test-method -->
              <div class="test-method">
                <img src="failed.png">
                </img>
                <span class="method-name">clearCookiesTest</span>
                <span class="method-start">471137 ms</span>
              </div> <!-- test-method -->
              <div class="configuration-class after">
                <span class="method-name">afterClass</span>
                <span class="method-start">471156 ms</span>
              </div> <!-- configuration-class after -->
            </div> <!-- chronological-class -->
            <div class="chronological-class">
              <div class="chronological-class-name">tests.RegistrationTest</div> <!-- chronological-class-name -->
              <div class="configuration-class after">
                <span class="method-name">afterClass</span>
                <span class="method-start">595944 ms</span>
              </div> <!-- configuration-class after -->
            </div> <!-- chronological-class -->
            <div class="chronological-class">
              <div class="chronological-class-name">tests.PetStoreMenuTest</div> <!-- chronological-class-name -->
              <div class="configuration-class before">
                <span class="method-name">setup(Edge)</span>
                <span class="method-start">596176 ms</span>
              </div> <!-- configuration-class before -->
              <div class="test-method">
                <span class="method-name">linkToRightPageTest</span>
                <span class="method-start">604085 ms</span>
              </div> <!-- test-method -->
              <div class="test-method">
                <span class="method-name">topMenuContentTest</span>
                <span class="method-start">605903 ms</span>
              </div> <!-- test-method -->
              <div class="test-method">
                <span class="method-name">verifyUrlTest</span>
                <span class="method-start">607050 ms</span>
              </div> <!-- test-method -->
              <div class="configuration-class after">
                <span class="method-name">afterClass</span>
                <span class="method-start">637187 ms</span>
              </div> <!-- configuration-class after -->
            </div> <!-- chronological-class -->
            <div class="chronological-class">
              <div class="chronological-class-name">tests.CartTest</div> <!-- chronological-class-name -->
              <div class="configuration-class before">
                <span class="method-name">setup(Edge)</span>
                <span class="method-start">637426 ms</span>
              </div> <!-- configuration-class before -->
              <div class="test-method">
                <img src="failed.png">
                </img>
                <span class="method-name">addToCartTest</span>
                <span class="method-start">647468 ms</span>
              </div> <!-- test-method -->
              <div class="test-method">
                <img src="failed.png">
                </img>
                <span class="method-name">totalCostTest</span>
                <span class="method-start">647481 ms</span>
              </div> <!-- test-method -->
              <div class="test-method">
                <img src="failed.png">
                </img>
                <span class="method-name">clearCookiesTest</span>
                <span class="method-start">667580 ms</span>
              </div> <!-- test-method -->
              <div class="configuration-class after">
                <span class="method-name">afterClass</span>
                <span class="method-start">667595 ms</span>
              </div> <!-- configuration-class after -->
          </div> <!-- main-panel-content rounded-window-bottom -->
        </div> <!-- panel -->
      </div> <!-- main-panel-root -->
    </div> <!-- wrapper -->
  </body>
</html>
